Performing C SOURCE FILE Test CMAKE_HAVE_LIBC_PTHREAD failed with the following output:
Change Dir: /home/ego/projects/msi-carcassonne/build/CMakeFiles/CMakeTmp

Run Build Command(s):/usr/bin/ninja cmTC_f82a7 && [1/2] Building C object CMakeFiles/cmTC_f82a7.dir/src.c.o
[2/2] Linking C executable cmTC_f82a7
FAILED: cmTC_f82a7 
: && /usr/bin/cc  -rdynamic CMakeFiles/cmTC_f82a7.dir/src.c.o -o cmTC_f82a7   && :
/usr/bin/ld: CMakeFiles/cmTC_f82a7.dir/src.c.o: in function `main':
src.c:(.text+0x3e): undefined reference to `pthread_create'
/usr/bin/ld: src.c:(.text+0x4a): undefined reference to `pthread_detach'
/usr/bin/ld: src.c:(.text+0x56): undefined reference to `pthread_cancel'
/usr/bin/ld: src.c:(.text+0x67): undefined reference to `pthread_join'
collect2: error: ld returned 1 exit status
ninja: build stopped: subcommand failed.


Source file was:
#include <pthread.h>

static void* test_func(void* data)
{
  return data;
}

int main(void)
{
  pthread_t thread;
  pthread_create(&thread, NULL, test_func, NULL);
  pthread_detach(thread);
  pthread_cancel(thread);
  pthread_join(thread, NULL);
  pthread_atfork(NULL, NULL, NULL);
  pthread_exit(NULL);

  return 0;
}

Determining if the function pthread_create exists in the pthreads failed with the following output:
Change Dir: /home/ego/projects/msi-carcassonne/build/CMakeFiles/CMakeTmp

Run Build Command(s):/usr/bin/ninja cmTC_28724 && [1/2] Building C object CMakeFiles/cmTC_28724.dir/CheckFunctionExists.c.o
[2/2] Linking C executable cmTC_28724
FAILED: cmTC_28724 
: && /usr/bin/cc -DCHECK_FUNCTION_EXISTS=pthread_create -rdynamic CMakeFiles/cmTC_28724.dir/CheckFunctionExists.c.o -o cmTC_28724  -lpthreads && :
/usr/bin/ld: cannot find -lpthreads
collect2: error: ld returned 1 exit status
ninja: build stopped: subcommand failed.



Determining if the strtod_l exist failed with the following output:
Change Dir: /home/ego/projects/msi-carcassonne/build/CMakeFiles/CMakeTmp

Run Build Command(s):/usr/bin/ninja cmTC_c0a04 && [1/2] Building C object CMakeFiles/cmTC_c0a04.dir/CheckSymbolExists.c.o
FAILED: CMakeFiles/cmTC_c0a04.dir/CheckSymbolExists.c.o 
/usr/bin/cc    -o CMakeFiles/cmTC_c0a04.dir/CheckSymbolExists.c.o -c CheckSymbolExists.c
CheckSymbolExists.c: In function ‘main’:
CheckSymbolExists.c:8:19: error: ‘strtod_l’ undeclared (first use in this function); did you mean ‘strtoull’?
    8 |   return ((int*)(&strtod_l))[argc];
      |                   ^~~~~~~~
      |                   strtoull
CheckSymbolExists.c:8:19: note: each undeclared identifier is reported only once for each function it appears in
ninja: build stopped: subcommand failed.


File /home/ego/projects/msi-carcassonne/build/CMakeFiles/CMakeTmp/CheckSymbolExists.c:
/* */
#include <stdlib.h>

int main(int argc, char** argv)
{
  (void)argv;
#ifndef strtod_l
  return ((int*)(&strtod_l))[argc];
#else
  (void)argc;
  return 0;
#endif
}
