The system is: Linux - 5.15.7-arch1-1 - x86_64
Compiling the C compiler identification source file "CMakeCCompilerId.c" succeeded.
Compiler: /usr/bin/cc 
Build flags: 
Id flags:  

The output was:
0


Compilation of the C compiler identification source "CMakeCCompilerId.c" produced "a.out"

The C compiler identification is GNU, found in "/home/ego/projects/msi-carcassonne/build/CMakeFiles/3.20.2/CompilerIdC/a.out"

Compiling the CXX compiler identification source file "CMakeCXXCompilerId.cpp" succeeded.
Compiler: /usr/bin/hipcc 
Build flags: 
Id flags:  

The output was:
0


Compilation of the CXX compiler identification source "CMakeCXXCompilerId.cpp" produced "a.out"

The CXX compiler identification is Clang, found in "/home/ego/projects/msi-carcassonne/build/CMakeFiles/3.20.2/CompilerIdCXX/a.out"

Detecting C compiler ABI info compiled with the following output:
Change Dir: /home/ego/projects/msi-carcassonne/build/CMakeFiles/CMakeTmp

Run Build Command(s):/usr/bin/ninja cmTC_65ec0 && [1/2] Building C object CMakeFiles/cmTC_65ec0.dir/CMakeCCompilerABI.c.o
Using built-in specs.
COLLECT_GCC=/usr/bin/cc
Target: x86_64-pc-linux-gnu
Configured with: /build/gcc/src/gcc/configure --prefix=/usr --libdir=/usr/lib --libexecdir=/usr/lib --mandir=/usr/share/man --infodir=/usr/share/info --with-bugurl=https://bugs.archlinux.org/ --enable-languages=c,c++,ada,fortran,go,lto,objc,obj-c++,d --with-isl --with-linker-hash-style=gnu --with-system-zlib --enable-__cxa_atexit --enable-cet=auto --enable-checking=release --enable-clocale=gnu --enable-default-pie --enable-default-ssp --enable-gnu-indirect-function --enable-gnu-unique-object --enable-install-libiberty --enable-linker-build-id --enable-lto --enable-multilib --enable-plugin --enable-shared --enable-threads=posix --disable-libssp --disable-libstdcxx-pch --disable-libunwind-exceptions --disable-werror gdc_include_dir=/usr/include/dlang/gdc
Thread model: posix
Supported LTO compression algorithms: zlib zstd
gcc version 11.1.0 (GCC) 
COLLECT_GCC_OPTIONS='-v' '-o' 'CMakeFiles/cmTC_65ec0.dir/CMakeCCompilerABI.c.o' '-c' '-mtune=generic' '-march=x86-64' '-dumpdir' 'CMakeFiles/cmTC_65ec0.dir/'
 /usr/lib/gcc/x86_64-pc-linux-gnu/11.1.0/cc1 -quiet -v /usr/local/share/cmake-3.20/Modules/CMakeCCompilerABI.c -quiet -dumpdir CMakeFiles/cmTC_65ec0.dir/ -dumpbase CMakeCCompilerABI.c.c -dumpbase-ext .c -mtune=generic -march=x86-64 -version -o /tmp/ccb07Kiq.s
GNU C17 (GCC) version 11.1.0 (x86_64-pc-linux-gnu)
	compiled by GNU C version 11.1.0, GMP version 6.2.1, MPFR version 4.1.0, MPC version 1.2.1, isl version isl-0.24-GMP

warning: MPFR header version 4.1.0 differs from library version 4.1.0-p13.
GGC heuristics: --param ggc-min-expand=100 --param ggc-min-heapsize=131072
ignoring nonexistent directory "/usr/lib/gcc/x86_64-pc-linux-gnu/11.1.0/../../../../x86_64-pc-linux-gnu/include"
#include "..." search starts here:
#include <...> search starts here:
 /usr/lib/gcc/x86_64-pc-linux-gnu/11.1.0/include
 /usr/local/include
 /usr/lib/gcc/x86_64-pc-linux-gnu/11.1.0/include-fixed
 /usr/include
End of search list.
GNU C17 (GCC) version 11.1.0 (x86_64-pc-linux-gnu)
	compiled by GNU C version 11.1.0, GMP version 6.2.1, MPFR version 4.1.0, MPC version 1.2.1, isl version isl-0.24-GMP

warning: MPFR header version 4.1.0 differs from library version 4.1.0-p13.
GGC heuristics: --param ggc-min-expand=100 --param ggc-min-heapsize=131072
Compiler executable checksum: 3d0ac5c030c008e73f10e8b66957dbfa
COLLECT_GCC_OPTIONS='-v' '-o' 'CMakeFiles/cmTC_65ec0.dir/CMakeCCompilerABI.c.o' '-c' '-mtune=generic' '-march=x86-64' '-dumpdir' 'CMakeFiles/cmTC_65ec0.dir/'
 as -v --64 -o CMakeFiles/cmTC_65ec0.dir/CMakeCCompilerABI.c.o /tmp/ccb07Kiq.s
GNU assembler version 2.36.1 (x86_64-pc-linux-gnu) using BFD version (GNU Binutils) 2.36.1
COMPILER_PATH=/usr/lib/gcc/x86_64-pc-linux-gnu/11.1.0/:/usr/lib/gcc/x86_64-pc-linux-gnu/11.1.0/:/usr/lib/gcc/x86_64-pc-linux-gnu/:/usr/lib/gcc/x86_64-pc-linux-gnu/11.1.0/:/usr/lib/gcc/x86_64-pc-linux-gnu/
LIBRARY_PATH=/usr/lib/gcc/x86_64-pc-linux-gnu/11.1.0/:/usr/lib/gcc/x86_64-pc-linux-gnu/11.1.0/../../../../lib/:/lib/../lib/:/usr/lib/../lib/:/usr/lib/gcc/x86_64-pc-linux-gnu/11.1.0/../../../:/lib/:/usr/lib/
COLLECT_GCC_OPTIONS='-v' '-o' 'CMakeFiles/cmTC_65ec0.dir/CMakeCCompilerABI.c.o' '-c' '-mtune=generic' '-march=x86-64' '-dumpdir' 'CMakeFiles/cmTC_65ec0.dir/CMakeCCompilerABI.c.'
[2/2] Linking C executable cmTC_65ec0
Using built-in specs.
COLLECT_GCC=/usr/bin/cc
COLLECT_LTO_WRAPPER=/usr/lib/gcc/x86_64-pc-linux-gnu/11.1.0/lto-wrapper
Target: x86_64-pc-linux-gnu
Configured with: /build/gcc/src/gcc/configure --prefix=/usr --libdir=/usr/lib --libexecdir=/usr/lib --mandir=/usr/share/man --infodir=/usr/share/info --with-bugurl=https://bugs.archlinux.org/ --enable-languages=c,c++,ada,fortran,go,lto,objc,obj-c++,d --with-isl --with-linker-hash-style=gnu --with-system-zlib --enable-__cxa_atexit --enable-cet=auto --enable-checking=release --enable-clocale=gnu --enable-default-pie --enable-default-ssp --enable-gnu-indirect-function --enable-gnu-unique-object --enable-install-libiberty --enable-linker-build-id --enable-lto --enable-multilib --enable-plugin --enable-shared --enable-threads=posix --disable-libssp --disable-libstdcxx-pch --disable-libunwind-exceptions --disable-werror gdc_include_dir=/usr/include/dlang/gdc
Thread model: posix
Supported LTO compression algorithms: zlib zstd
gcc version 11.1.0 (GCC) 
COMPILER_PATH=/usr/lib/gcc/x86_64-pc-linux-gnu/11.1.0/:/usr/lib/gcc/x86_64-pc-linux-gnu/11.1.0/:/usr/lib/gcc/x86_64-pc-linux-gnu/:/usr/lib/gcc/x86_64-pc-linux-gnu/11.1.0/:/usr/lib/gcc/x86_64-pc-linux-gnu/
LIBRARY_PATH=/usr/lib/gcc/x86_64-pc-linux-gnu/11.1.0/:/usr/lib/gcc/x86_64-pc-linux-gnu/11.1.0/../../../../lib/:/lib/../lib/:/usr/lib/../lib/:/usr/lib/gcc/x86_64-pc-linux-gnu/11.1.0/../../../:/lib/:/usr/lib/
COLLECT_GCC_OPTIONS='-v' '-o' 'cmTC_65ec0' '-mtune=generic' '-march=x86-64' '-dumpdir' 'cmTC_65ec0.'
 /usr/lib/gcc/x86_64-pc-linux-gnu/11.1.0/collect2 -plugin /usr/lib/gcc/x86_64-pc-linux-gnu/11.1.0/liblto_plugin.so -plugin-opt=/usr/lib/gcc/x86_64-pc-linux-gnu/11.1.0/lto-wrapper -plugin-opt=-fresolution=/tmp/ccItJqG4.res -plugin-opt=-pass-through=-lgcc -plugin-opt=-pass-through=-lgcc_s -plugin-opt=-pass-through=-lc -plugin-opt=-pass-through=-lgcc -plugin-opt=-pass-through=-lgcc_s --build-id --eh-frame-hdr --hash-style=gnu -m elf_x86_64 -dynamic-linker /lib64/ld-linux-x86-64.so.2 -pie -o cmTC_65ec0 /usr/lib/gcc/x86_64-pc-linux-gnu/11.1.0/../../../../lib/Scrt1.o /usr/lib/gcc/x86_64-pc-linux-gnu/11.1.0/../../../../lib/crti.o /usr/lib/gcc/x86_64-pc-linux-gnu/11.1.0/crtbeginS.o -L/usr/lib/gcc/x86_64-pc-linux-gnu/11.1.0 -L/usr/lib/gcc/x86_64-pc-linux-gnu/11.1.0/../../../../lib -L/lib/../lib -L/usr/lib/../lib -L/usr/lib/gcc/x86_64-pc-linux-gnu/11.1.0/../../.. CMakeFiles/cmTC_65ec0.dir/CMakeCCompilerABI.c.o -lgcc --push-state --as-needed -lgcc_s --pop-state -lc -lgcc --push-state --as-needed -lgcc_s --pop-state /usr/lib/gcc/x86_64-pc-linux-gnu/11.1.0/crtendS.o /usr/lib/gcc/x86_64-pc-linux-gnu/11.1.0/../../../../lib/crtn.o
COLLECT_GCC_OPTIONS='-v' '-o' 'cmTC_65ec0' '-mtune=generic' '-march=x86-64' '-dumpdir' 'cmTC_65ec0.'



Parsed C implicit include dir info from above output: rv=done
  found start of include info
  found start of implicit include info
    add: [/usr/lib/gcc/x86_64-pc-linux-gnu/11.1.0/include]
    add: [/usr/local/include]
    add: [/usr/lib/gcc/x86_64-pc-linux-gnu/11.1.0/include-fixed]
    add: [/usr/include]
  end of search list found
  collapse include dir [/usr/lib/gcc/x86_64-pc-linux-gnu/11.1.0/include] ==> [/usr/lib/gcc/x86_64-pc-linux-gnu/11.1.0/include]
  collapse include dir [/usr/local/include] ==> [/usr/local/include]
  collapse include dir [/usr/lib/gcc/x86_64-pc-linux-gnu/11.1.0/include-fixed] ==> [/usr/lib/gcc/x86_64-pc-linux-gnu/11.1.0/include-fixed]
  collapse include dir [/usr/include] ==> [/usr/include]
  implicit include dirs: [/usr/lib/gcc/x86_64-pc-linux-gnu/11.1.0/include;/usr/local/include;/usr/lib/gcc/x86_64-pc-linux-gnu/11.1.0/include-fixed;/usr/include]


Parsed C implicit link information from above output:
  link line regex: [^( *|.*[/\])(ld|CMAKE_LINK_STARTFILE-NOTFOUND|([^/\]+-)?ld|collect2)[^/\]*( |$)]
  ignore line: [Change Dir: /home/ego/projects/msi-carcassonne/build/CMakeFiles/CMakeTmp]
  ignore line: []
  ignore line: [Run Build Command(s):/usr/bin/ninja cmTC_65ec0 && [1/2] Building C object CMakeFiles/cmTC_65ec0.dir/CMakeCCompilerABI.c.o]
  ignore line: [Using built-in specs.]
  ignore line: [COLLECT_GCC=/usr/bin/cc]
  ignore line: [Target: x86_64-pc-linux-gnu]
  ignore line: [Configured with: /build/gcc/src/gcc/configure --prefix=/usr --libdir=/usr/lib --libexecdir=/usr/lib --mandir=/usr/share/man --infodir=/usr/share/info --with-bugurl=https://bugs.archlinux.org/ --enable-languages=c c++ ada fortran go lto objc obj-c++ d --with-isl --with-linker-hash-style=gnu --with-system-zlib --enable-__cxa_atexit --enable-cet=auto --enable-checking=release --enable-clocale=gnu --enable-default-pie --enable-default-ssp --enable-gnu-indirect-function --enable-gnu-unique-object --enable-install-libiberty --enable-linker-build-id --enable-lto --enable-multilib --enable-plugin --enable-shared --enable-threads=posix --disable-libssp --disable-libstdcxx-pch --disable-libunwind-exceptions --disable-werror gdc_include_dir=/usr/include/dlang/gdc]
  ignore line: [Thread model: posix]
  ignore line: [Supported LTO compression algorithms: zlib zstd]
  ignore line: [gcc version 11.1.0 (GCC) ]
  ignore line: [COLLECT_GCC_OPTIONS='-v' '-o' 'CMakeFiles/cmTC_65ec0.dir/CMakeCCompilerABI.c.o' '-c' '-mtune=generic' '-march=x86-64' '-dumpdir' 'CMakeFiles/cmTC_65ec0.dir/']
  ignore line: [ /usr/lib/gcc/x86_64-pc-linux-gnu/11.1.0/cc1 -quiet -v /usr/local/share/cmake-3.20/Modules/CMakeCCompilerABI.c -quiet -dumpdir CMakeFiles/cmTC_65ec0.dir/ -dumpbase CMakeCCompilerABI.c.c -dumpbase-ext .c -mtune=generic -march=x86-64 -version -o /tmp/ccb07Kiq.s]
  ignore line: [GNU C17 (GCC) version 11.1.0 (x86_64-pc-linux-gnu)]
  ignore line: [	compiled by GNU C version 11.1.0  GMP version 6.2.1  MPFR version 4.1.0  MPC version 1.2.1  isl version isl-0.24-GMP]
  ignore line: []
  ignore line: [warning: MPFR header version 4.1.0 differs from library version 4.1.0-p13.]
  ignore line: [GGC heuristics: --param ggc-min-expand=100 --param ggc-min-heapsize=131072]
  ignore line: [ignoring nonexistent directory "/usr/lib/gcc/x86_64-pc-linux-gnu/11.1.0/../../../../x86_64-pc-linux-gnu/include"]
  ignore line: [#include "..." search starts here:]
  ignore line: [#include <...> search starts here:]
  ignore line: [ /usr/lib/gcc/x86_64-pc-linux-gnu/11.1.0/include]
  ignore line: [ /usr/local/include]
  ignore line: [ /usr/lib/gcc/x86_64-pc-linux-gnu/11.1.0/include-fixed]
  ignore line: [ /usr/include]
  ignore line: [End of search list.]
  ignore line: [GNU C17 (GCC) version 11.1.0 (x86_64-pc-linux-gnu)]
  ignore line: [	compiled by GNU C version 11.1.0  GMP version 6.2.1  MPFR version 4.1.0  MPC version 1.2.1  isl version isl-0.24-GMP]
  ignore line: []
  ignore line: [warning: MPFR header version 4.1.0 differs from library version 4.1.0-p13.]
  ignore line: [GGC heuristics: --param ggc-min-expand=100 --param ggc-min-heapsize=131072]
  ignore line: [Compiler executable checksum: 3d0ac5c030c008e73f10e8b66957dbfa]
  ignore line: [COLLECT_GCC_OPTIONS='-v' '-o' 'CMakeFiles/cmTC_65ec0.dir/CMakeCCompilerABI.c.o' '-c' '-mtune=generic' '-march=x86-64' '-dumpdir' 'CMakeFiles/cmTC_65ec0.dir/']
  ignore line: [ as -v --64 -o CMakeFiles/cmTC_65ec0.dir/CMakeCCompilerABI.c.o /tmp/ccb07Kiq.s]
  ignore line: [GNU assembler version 2.36.1 (x86_64-pc-linux-gnu) using BFD version (GNU Binutils) 2.36.1]
  ignore line: [COMPILER_PATH=/usr/lib/gcc/x86_64-pc-linux-gnu/11.1.0/:/usr/lib/gcc/x86_64-pc-linux-gnu/11.1.0/:/usr/lib/gcc/x86_64-pc-linux-gnu/:/usr/lib/gcc/x86_64-pc-linux-gnu/11.1.0/:/usr/lib/gcc/x86_64-pc-linux-gnu/]
  ignore line: [LIBRARY_PATH=/usr/lib/gcc/x86_64-pc-linux-gnu/11.1.0/:/usr/lib/gcc/x86_64-pc-linux-gnu/11.1.0/../../../../lib/:/lib/../lib/:/usr/lib/../lib/:/usr/lib/gcc/x86_64-pc-linux-gnu/11.1.0/../../../:/lib/:/usr/lib/]
  ignore line: [COLLECT_GCC_OPTIONS='-v' '-o' 'CMakeFiles/cmTC_65ec0.dir/CMakeCCompilerABI.c.o' '-c' '-mtune=generic' '-march=x86-64' '-dumpdir' 'CMakeFiles/cmTC_65ec0.dir/CMakeCCompilerABI.c.']
  ignore line: [[2/2] Linking C executable cmTC_65ec0]
  ignore line: [Using built-in specs.]
  ignore line: [COLLECT_GCC=/usr/bin/cc]
  ignore line: [COLLECT_LTO_WRAPPER=/usr/lib/gcc/x86_64-pc-linux-gnu/11.1.0/lto-wrapper]
  ignore line: [Target: x86_64-pc-linux-gnu]
  ignore line: [Configured with: /build/gcc/src/gcc/configure --prefix=/usr --libdir=/usr/lib --libexecdir=/usr/lib --mandir=/usr/share/man --infodir=/usr/share/info --with-bugurl=https://bugs.archlinux.org/ --enable-languages=c c++ ada fortran go lto objc obj-c++ d --with-isl --with-linker-hash-style=gnu --with-system-zlib --enable-__cxa_atexit --enable-cet=auto --enable-checking=release --enable-clocale=gnu --enable-default-pie --enable-default-ssp --enable-gnu-indirect-function --enable-gnu-unique-object --enable-install-libiberty --enable-linker-build-id --enable-lto --enable-multilib --enable-plugin --enable-shared --enable-threads=posix --disable-libssp --disable-libstdcxx-pch --disable-libunwind-exceptions --disable-werror gdc_include_dir=/usr/include/dlang/gdc]
  ignore line: [Thread model: posix]
  ignore line: [Supported LTO compression algorithms: zlib zstd]
  ignore line: [gcc version 11.1.0 (GCC) ]
  ignore line: [COMPILER_PATH=/usr/lib/gcc/x86_64-pc-linux-gnu/11.1.0/:/usr/lib/gcc/x86_64-pc-linux-gnu/11.1.0/:/usr/lib/gcc/x86_64-pc-linux-gnu/:/usr/lib/gcc/x86_64-pc-linux-gnu/11.1.0/:/usr/lib/gcc/x86_64-pc-linux-gnu/]
  ignore line: [LIBRARY_PATH=/usr/lib/gcc/x86_64-pc-linux-gnu/11.1.0/:/usr/lib/gcc/x86_64-pc-linux-gnu/11.1.0/../../../../lib/:/lib/../lib/:/usr/lib/../lib/:/usr/lib/gcc/x86_64-pc-linux-gnu/11.1.0/../../../:/lib/:/usr/lib/]
  ignore line: [COLLECT_GCC_OPTIONS='-v' '-o' 'cmTC_65ec0' '-mtune=generic' '-march=x86-64' '-dumpdir' 'cmTC_65ec0.']
  link line: [ /usr/lib/gcc/x86_64-pc-linux-gnu/11.1.0/collect2 -plugin /usr/lib/gcc/x86_64-pc-linux-gnu/11.1.0/liblto_plugin.so -plugin-opt=/usr/lib/gcc/x86_64-pc-linux-gnu/11.1.0/lto-wrapper -plugin-opt=-fresolution=/tmp/ccItJqG4.res -plugin-opt=-pass-through=-lgcc -plugin-opt=-pass-through=-lgcc_s -plugin-opt=-pass-through=-lc -plugin-opt=-pass-through=-lgcc -plugin-opt=-pass-through=-lgcc_s --build-id --eh-frame-hdr --hash-style=gnu -m elf_x86_64 -dynamic-linker /lib64/ld-linux-x86-64.so.2 -pie -o cmTC_65ec0 /usr/lib/gcc/x86_64-pc-linux-gnu/11.1.0/../../../../lib/Scrt1.o /usr/lib/gcc/x86_64-pc-linux-gnu/11.1.0/../../../../lib/crti.o /usr/lib/gcc/x86_64-pc-linux-gnu/11.1.0/crtbeginS.o -L/usr/lib/gcc/x86_64-pc-linux-gnu/11.1.0 -L/usr/lib/gcc/x86_64-pc-linux-gnu/11.1.0/../../../../lib -L/lib/../lib -L/usr/lib/../lib -L/usr/lib/gcc/x86_64-pc-linux-gnu/11.1.0/../../.. CMakeFiles/cmTC_65ec0.dir/CMakeCCompilerABI.c.o -lgcc --push-state --as-needed -lgcc_s --pop-state -lc -lgcc --push-state --as-needed -lgcc_s --pop-state /usr/lib/gcc/x86_64-pc-linux-gnu/11.1.0/crtendS.o /usr/lib/gcc/x86_64-pc-linux-gnu/11.1.0/../../../../lib/crtn.o]
    arg [/usr/lib/gcc/x86_64-pc-linux-gnu/11.1.0/collect2] ==> ignore
    arg [-plugin] ==> ignore
    arg [/usr/lib/gcc/x86_64-pc-linux-gnu/11.1.0/liblto_plugin.so] ==> ignore
    arg [-plugin-opt=/usr/lib/gcc/x86_64-pc-linux-gnu/11.1.0/lto-wrapper] ==> ignore
    arg [-plugin-opt=-fresolution=/tmp/ccItJqG4.res] ==> ignore
    arg [-plugin-opt=-pass-through=-lgcc] ==> ignore
    arg [-plugin-opt=-pass-through=-lgcc_s] ==> ignore
    arg [-plugin-opt=-pass-through=-lc] ==> ignore
    arg [-plugin-opt=-pass-through=-lgcc] ==> ignore
    arg [-plugin-opt=-pass-through=-lgcc_s] ==> ignore
    arg [--build-id] ==> ignore
    arg [--eh-frame-hdr] ==> ignore
    arg [--hash-style=gnu] ==> ignore
    arg [-m] ==> ignore
    arg [elf_x86_64] ==> ignore
    arg [-dynamic-linker] ==> ignore
    arg [/lib64/ld-linux-x86-64.so.2] ==> ignore
    arg [-pie] ==> ignore
    arg [-o] ==> ignore
    arg [cmTC_65ec0] ==> ignore
    arg [/usr/lib/gcc/x86_64-pc-linux-gnu/11.1.0/../../../../lib/Scrt1.o] ==> obj [/usr/lib/gcc/x86_64-pc-linux-gnu/11.1.0/../../../../lib/Scrt1.o]
    arg [/usr/lib/gcc/x86_64-pc-linux-gnu/11.1.0/../../../../lib/crti.o] ==> obj [/usr/lib/gcc/x86_64-pc-linux-gnu/11.1.0/../../../../lib/crti.o]
    arg [/usr/lib/gcc/x86_64-pc-linux-gnu/11.1.0/crtbeginS.o] ==> obj [/usr/lib/gcc/x86_64-pc-linux-gnu/11.1.0/crtbeginS.o]
    arg [-L/usr/lib/gcc/x86_64-pc-linux-gnu/11.1.0] ==> dir [/usr/lib/gcc/x86_64-pc-linux-gnu/11.1.0]
    arg [-L/usr/lib/gcc/x86_64-pc-linux-gnu/11.1.0/../../../../lib] ==> dir [/usr/lib/gcc/x86_64-pc-linux-gnu/11.1.0/../../../../lib]
    arg [-L/lib/../lib] ==> dir [/lib/../lib]
    arg [-L/usr/lib/../lib] ==> dir [/usr/lib/../lib]
    arg [-L/usr/lib/gcc/x86_64-pc-linux-gnu/11.1.0/../../..] ==> dir [/usr/lib/gcc/x86_64-pc-linux-gnu/11.1.0/../../..]
    arg [CMakeFiles/cmTC_65ec0.dir/CMakeCCompilerABI.c.o] ==> ignore
    arg [-lgcc] ==> lib [gcc]
    arg [--push-state] ==> ignore
    arg [--as-needed] ==> ignore
    arg [-lgcc_s] ==> lib [gcc_s]
    arg [--pop-state] ==> ignore
    arg [-lc] ==> lib [c]
    arg [-lgcc] ==> lib [gcc]
    arg [--push-state] ==> ignore
    arg [--as-needed] ==> ignore
    arg [-lgcc_s] ==> lib [gcc_s]
    arg [--pop-state] ==> ignore
    arg [/usr/lib/gcc/x86_64-pc-linux-gnu/11.1.0/crtendS.o] ==> obj [/usr/lib/gcc/x86_64-pc-linux-gnu/11.1.0/crtendS.o]
    arg [/usr/lib/gcc/x86_64-pc-linux-gnu/11.1.0/../../../../lib/crtn.o] ==> obj [/usr/lib/gcc/x86_64-pc-linux-gnu/11.1.0/../../../../lib/crtn.o]
  collapse obj [/usr/lib/gcc/x86_64-pc-linux-gnu/11.1.0/../../../../lib/Scrt1.o] ==> [/usr/lib/Scrt1.o]
  collapse obj [/usr/lib/gcc/x86_64-pc-linux-gnu/11.1.0/../../../../lib/crti.o] ==> [/usr/lib/crti.o]
  collapse obj [/usr/lib/gcc/x86_64-pc-linux-gnu/11.1.0/../../../../lib/crtn.o] ==> [/usr/lib/crtn.o]
  collapse library dir [/usr/lib/gcc/x86_64-pc-linux-gnu/11.1.0] ==> [/usr/lib/gcc/x86_64-pc-linux-gnu/11.1.0]
  collapse library dir [/usr/lib/gcc/x86_64-pc-linux-gnu/11.1.0/../../../../lib] ==> [/usr/lib]
  collapse library dir [/lib/../lib] ==> [/lib]
  collapse library dir [/usr/lib/../lib] ==> [/usr/lib]
  collapse library dir [/usr/lib/gcc/x86_64-pc-linux-gnu/11.1.0/../../..] ==> [/usr/lib]
  implicit libs: [gcc;gcc_s;c;gcc;gcc_s]
  implicit objs: [/usr/lib/Scrt1.o;/usr/lib/crti.o;/usr/lib/gcc/x86_64-pc-linux-gnu/11.1.0/crtbeginS.o;/usr/lib/gcc/x86_64-pc-linux-gnu/11.1.0/crtendS.o;/usr/lib/crtn.o]
  implicit dirs: [/usr/lib/gcc/x86_64-pc-linux-gnu/11.1.0;/usr/lib;/lib]
  implicit fwks: []


Detecting CXX compiler ABI info compiled with the following output:
Change Dir: /home/ego/projects/msi-carcassonne/build/CMakeFiles/CMakeTmp

Run Build Command(s):/usr/bin/ninja cmTC_c220f && [1/2] Building CXX object CMakeFiles/cmTC_c220f.dir/CMakeCXXCompilerABI.cpp.o
clang version 13.0.0 (https://aur.archlinux.org/llvm-amdgpu 3bd935c95e7353ed2cbb09dbab31e4ed73e8a45a)
Target: x86_64-pc-linux-gnu
Thread model: posix
InstalledDir: /opt/rocm/llvm/bin
Found candidate GCC installation: /usr/lib/gcc/x86_64-pc-linux-gnu/11.1.0
Found candidate GCC installation: /usr/lib64/gcc/x86_64-pc-linux-gnu/11.1.0
Selected GCC installation: /usr/lib64/gcc/x86_64-pc-linux-gnu/11.1.0
Candidate multilib: .;@m64
Candidate multilib: 32;@m32
Selected multilib: .;@m64
Found CUDA installation: /opt/cuda, version 11.2
Found HIP installation: /opt/rocm, version 4.3.21346-3ac9bda
 "/opt/rocm/llvm/bin/clang-13" -cc1 -mllvm --amdhsa-code-object-version=4 -triple amdgcn-amd-amdhsa -aux-triple x86_64-pc-linux-gnu -emit-obj --mrelax-relocations -disable-free -disable-llvm-verifier -discard-value-names -main-file-name CMakeCXXCompilerABI.cpp -mrelocation-model pic -pic-level 1 -fhalf-no-semantic-interposition -mframe-pointer=none -fno-rounding-math -aux-target-cpu x86-64 -fcuda-is-device -mllvm -amdgpu-internalize-symbols -fcuda-allow-variadic-functions -fvisibility hidden -fapply-global-visibility-to-externs -mlink-builtin-bitcode /opt/rocm/amdgcn/bitcode/hip.bc -mlink-builtin-bitcode /opt/rocm/amdgcn/bitcode/ocml.bc -mlink-builtin-bitcode /opt/rocm/amdgcn/bitcode/ockl.bc -mlink-builtin-bitcode /opt/rocm/amdgcn/bitcode/oclc_daz_opt_off.bc -mlink-builtin-bitcode /opt/rocm/amdgcn/bitcode/oclc_unsafe_math_off.bc -mlink-builtin-bitcode /opt/rocm/amdgcn/bitcode/oclc_finite_only_off.bc -mlink-builtin-bitcode /opt/rocm/amdgcn/bitcode/oclc_correctly_rounded_sqrt_on.bc -mlink-builtin-bitcode /opt/rocm/amdgcn/bitcode/oclc_wavefrontsize64_off.bc -mlink-builtin-bitcode /opt/rocm/amdgcn/bitcode/oclc_isa_version_1030.bc -target-cpu gfx1030 -fno-split-dwarf-inlining -debugger-tuning=gdb -v -resource-dir /opt/rocm/llvm/lib/clang/13.0.0 -dependency-file CMakeFiles/cmTC_c220f.dir/CMakeCXXCompilerABI.cpp.o.d -MT CMakeFiles/cmTC_c220f.dir/CMakeCXXCompilerABI.cpp.o -sys-header-deps -internal-isystem /opt/rocm/llvm/lib/clang/13.0.0/include/cuda_wrappers -internal-isystem /opt/rocm/include -include __clang_hip_runtime_wrapper.h -isystem /opt/rocm/llvm/lib/clang/13.0.0/include/.. -isystem /opt/rocm/hsa/include -isystem /opt/rocm/hip/include -internal-isystem /usr/lib64/gcc/x86_64-pc-linux-gnu/11.1.0/../../../../include/c++/11.1.0 -internal-isystem /usr/lib64/gcc/x86_64-pc-linux-gnu/11.1.0/../../../../include/c++/11.1.0/x86_64-pc-linux-gnu -internal-isystem /usr/lib64/gcc/x86_64-pc-linux-gnu/11.1.0/../../../../include/c++/11.1.0/backward -internal-isystem /usr/lib64/gcc/x86_64-pc-linux-gnu/11.1.0/../../../../include/c++/11.1.0 -internal-isystem /usr/lib64/gcc/x86_64-pc-linux-gnu/11.1.0/../../../../include/c++/11.1.0/x86_64-pc-linux-gnu -internal-isystem /usr/lib64/gcc/x86_64-pc-linux-gnu/11.1.0/../../../../include/c++/11.1.0/backward -internal-isystem /usr/local/include -internal-isystem /opt/rocm/llvm/lib/clang/13.0.0/include -internal-externc-isystem /include -internal-externc-isystem /usr/include -internal-isystem /usr/local/include -internal-isystem /opt/rocm/llvm/lib/clang/13.0.0/include -internal-externc-isystem /include -internal-externc-isystem /usr/include -O3 -std=c++11 -fdeprecated-macro -fno-autolink -fdebug-compilation-dir=/home/ego/projects/msi-carcassonne/build/CMakeFiles/CMakeTmp -ferror-limit 19 -fhip-new-launch-api -fgnuc-version=4.2.1 -fcxx-exceptions -fexceptions -vectorize-loops -vectorize-slp -mllvm -amdgpu-early-inline-all=true -mllvm -amdgpu-function-calls=false -cuid=dec5a6d1ea2c666c -fcuda-allow-variadic-functions -munsafe-fp-atomics -faddrsig -o /tmp/CMakeCXXCompilerABI-gfx1030-238128.o -x hip /usr/local/share/cmake-3.20/Modules/CMakeCXXCompilerABI.cpp
clang -cc1 version 13.0.0 based upon LLVM 13.0.0git default target x86_64-pc-linux-gnu
ignoring nonexistent directory "/include"
ignoring nonexistent directory "/include"
ignoring duplicate directory "/usr/lib64/gcc/x86_64-pc-linux-gnu/11.1.0/../../../../include/c++/11.1.0"
ignoring duplicate directory "/usr/lib64/gcc/x86_64-pc-linux-gnu/11.1.0/../../../../include/c++/11.1.0/x86_64-pc-linux-gnu"
ignoring duplicate directory "/usr/lib64/gcc/x86_64-pc-linux-gnu/11.1.0/../../../../include/c++/11.1.0/backward"
ignoring duplicate directory "/usr/local/include"
ignoring duplicate directory "/opt/rocm/llvm/lib/clang/13.0.0/include"
ignoring duplicate directory "/usr/include"
ignoring duplicate directory "/usr/local/include"
ignoring duplicate directory "/opt/rocm/llvm/lib/clang/13.0.0/include"
ignoring duplicate directory "/usr/include"
#include "..." search starts here:
#include <...> search starts here:
 /opt/rocm/llvm/lib/clang/13.0.0/include/..
 /opt/rocm/hsa/include
 /opt/rocm/hip/include
 /opt/rocm/llvm/lib/clang/13.0.0/include/cuda_wrappers
 /opt/rocm/include
 /usr/lib64/gcc/x86_64-pc-linux-gnu/11.1.0/../../../../include/c++/11.1.0
 /usr/lib64/gcc/x86_64-pc-linux-gnu/11.1.0/../../../../include/c++/11.1.0/x86_64-pc-linux-gnu
 /usr/lib64/gcc/x86_64-pc-linux-gnu/11.1.0/../../../../include/c++/11.1.0/backward
 /usr/local/include
 /opt/rocm/llvm/lib/clang/13.0.0/include
 /usr/include
End of search list.
 "/opt/rocm/llvm/bin/lld" -flavor gnu --no-undefined -shared -plugin-opt=-amdgpu-internalize-symbols -plugin-opt=mcpu=gfx1030 -plugin-opt=O3 -plugin-opt=-amdgpu-early-inline-all=true -plugin-opt=-amdgpu-function-calls=false -o /tmp/CMakeCXXCompilerABI-gfx1030-da7556.out /tmp/CMakeCXXCompilerABI-gfx1030-238128.o
 "/opt/rocm/llvm/bin/clang-offload-bundler" -type=o -bundle-align=4096 -targets=host-x86_64-unknown-linux,hipv4-amdgcn-amd-amdhsa--gfx1030 -inputs=/dev/null,/tmp/CMakeCXXCompilerABI-gfx1030-da7556.out -outputs=/tmp/CMakeCXXCompilerABI-8f6922.hipfb
 "/opt/rocm/llvm/bin/clang-13" -cc1 -triple x86_64-pc-linux-gnu -aux-triple amdgcn-amd-amdhsa -emit-obj --mrelax-relocations -disable-free -disable-llvm-verifier -discard-value-names -main-file-name CMakeCXXCompilerABI.cpp -mrelocation-model static -mframe-pointer=none -fmath-errno -fno-rounding-math -mconstructor-aliases -munwind-tables -target-cpu x86-64 -tune-cpu generic -fno-split-dwarf-inlining -debugger-tuning=gdb -v -resource-dir /opt/rocm/llvm/lib/clang/13.0.0 -dependency-file CMakeFiles/cmTC_c220f.dir/CMakeCXXCompilerABI.cpp.o.d -MT CMakeFiles/cmTC_c220f.dir/CMakeCXXCompilerABI.cpp.o -sys-header-deps -internal-isystem /opt/rocm/llvm/lib/clang/13.0.0/include/cuda_wrappers -internal-isystem /opt/rocm/include -include __clang_hip_runtime_wrapper.h -isystem /opt/rocm/llvm/lib/clang/13.0.0/include/.. -isystem /opt/rocm/hsa/include -isystem /opt/rocm/hip/include -internal-isystem /usr/lib64/gcc/x86_64-pc-linux-gnu/11.1.0/../../../../include/c++/11.1.0 -internal-isystem /usr/lib64/gcc/x86_64-pc-linux-gnu/11.1.0/../../../../include/c++/11.1.0/x86_64-pc-linux-gnu -internal-isystem /usr/lib64/gcc/x86_64-pc-linux-gnu/11.1.0/../../../../include/c++/11.1.0/backward -internal-isystem /usr/lib64/gcc/x86_64-pc-linux-gnu/11.1.0/../../../../include/c++/11.1.0 -internal-isystem /usr/lib64/gcc/x86_64-pc-linux-gnu/11.1.0/../../../../include/c++/11.1.0/x86_64-pc-linux-gnu -internal-isystem /usr/lib64/gcc/x86_64-pc-linux-gnu/11.1.0/../../../../include/c++/11.1.0/backward -internal-isystem /usr/local/include -internal-isystem /opt/rocm/llvm/lib/clang/13.0.0/include -internal-externc-isystem /include -internal-externc-isystem /usr/include -internal-isystem /usr/local/include -internal-isystem /opt/rocm/llvm/lib/clang/13.0.0/include -internal-externc-isystem /include -internal-externc-isystem /usr/include -O3 -std=c++11 -fdeprecated-macro -fdebug-compilation-dir=/home/ego/projects/msi-carcassonne/build/CMakeFiles/CMakeTmp -ferror-limit 19 -fhip-new-launch-api -fgnuc-version=4.2.1 -fcxx-exceptions -fexceptions -vectorize-loops -vectorize-slp -mllvm -amdgpu-early-inline-all=true -mllvm -amdgpu-function-calls=false -fcuda-include-gpubinary /tmp/CMakeCXXCompilerABI-8f6922.hipfb -cuid=dec5a6d1ea2c666c -fcuda-allow-variadic-functions -faddrsig -o CMakeFiles/cmTC_c220f.dir/CMakeCXXCompilerABI.cpp.o -x hip /usr/local/share/cmake-3.20/Modules/CMakeCXXCompilerABI.cpp
clang -cc1 version 13.0.0 based upon LLVM 13.0.0git default target x86_64-pc-linux-gnu
ignoring nonexistent directory "/include"
ignoring nonexistent directory "/include"
ignoring duplicate directory "/usr/lib64/gcc/x86_64-pc-linux-gnu/11.1.0/../../../../include/c++/11.1.0"
ignoring duplicate directory "/usr/lib64/gcc/x86_64-pc-linux-gnu/11.1.0/../../../../include/c++/11.1.0/x86_64-pc-linux-gnu"
ignoring duplicate directory "/usr/lib64/gcc/x86_64-pc-linux-gnu/11.1.0/../../../../include/c++/11.1.0/backward"
ignoring duplicate directory "/usr/local/include"
ignoring duplicate directory "/opt/rocm/llvm/lib/clang/13.0.0/include"
ignoring duplicate directory "/usr/include"
#include "..." search starts here:
#include <...> search starts here:
 /opt/rocm/llvm/lib/clang/13.0.0/include/..
 /opt/rocm/hsa/include
 /opt/rocm/hip/include
 /opt/rocm/llvm/lib/clang/13.0.0/include/cuda_wrappers
 /opt/rocm/include
 /usr/lib64/gcc/x86_64-pc-linux-gnu/11.1.0/../../../../include/c++/11.1.0
 /usr/lib64/gcc/x86_64-pc-linux-gnu/11.1.0/../../../../include/c++/11.1.0/x86_64-pc-linux-gnu
 /usr/lib64/gcc/x86_64-pc-linux-gnu/11.1.0/../../../../include/c++/11.1.0/backward
 /usr/local/include
 /opt/rocm/llvm/lib/clang/13.0.0/include
 /usr/include
End of search list.
[2/2] Linking CXX executable cmTC_c220f
clang version 13.0.0 (https://aur.archlinux.org/llvm-amdgpu 3bd935c95e7353ed2cbb09dbab31e4ed73e8a45a)
Target: x86_64-pc-linux-gnu
Thread model: posix
InstalledDir: /opt/rocm/llvm/bin
Found candidate GCC installation: /usr/lib/gcc/x86_64-pc-linux-gnu/11.1.0
Found candidate GCC installation: /usr/lib64/gcc/x86_64-pc-linux-gnu/11.1.0
Selected GCC installation: /usr/lib64/gcc/x86_64-pc-linux-gnu/11.1.0
Candidate multilib: .;@m64
Candidate multilib: 32;@m32
Selected multilib: .;@m64
Found CUDA installation: /opt/cuda, version 11.2
Found HIP installation: /opt/rocm, version 4.3.21346-3ac9bda
 "/usr/bin/ld" --eh-frame-hdr -m elf_x86_64 -dynamic-linker /lib64/ld-linux-x86-64.so.2 -o cmTC_c220f /usr/lib64/gcc/x86_64-pc-linux-gnu/11.1.0/../../../../lib64/crt1.o /usr/lib64/gcc/x86_64-pc-linux-gnu/11.1.0/../../../../lib64/crti.o /usr/lib64/gcc/x86_64-pc-linux-gnu/11.1.0/crtbegin.o -L/opt/rocm/hip/lib -L/opt/rocm/llvm/bin/../lib/clang/13.0.0/lib/linux -L/usr/lib64/gcc/x86_64-pc-linux-gnu/11.1.0 -L/usr/lib64/gcc/x86_64-pc-linux-gnu/11.1.0/../../../../lib64 -L/lib/../lib64 -L/usr/lib/../lib64 -L/usr/lib64/gcc/x86_64-pc-linux-gnu/11.1.0/../../.. -L/opt/rocm/llvm/bin/../lib -L/lib -L/usr/lib -lgcc_s -lgcc -lpthread -lm -lrt CMakeFiles/cmTC_c220f.dir/CMakeCXXCompilerABI.cpp.o --enable-new-dtags --rpath=/opt/rocm/hip/lib:/opt/rocm/lib -lamdhip64 -lclang_rt.builtins-x86_64 -lstdc++ -lm -lgcc_s -lgcc -lc -lgcc_s -lgcc /usr/lib64/gcc/x86_64-pc-linux-gnu/11.1.0/crtend.o /usr/lib64/gcc/x86_64-pc-linux-gnu/11.1.0/../../../../lib64/crtn.o



Parsed CXX implicit include dir info from above output: rv=done
  found start of include info
  found start of implicit include info
    add: [/opt/rocm/llvm/lib/clang/13.0.0/include/..]
    add: [/opt/rocm/hsa/include]
    add: [/opt/rocm/hip/include]
    add: [/opt/rocm/llvm/lib/clang/13.0.0/include/cuda_wrappers]
    add: [/opt/rocm/include]
    add: [/usr/lib64/gcc/x86_64-pc-linux-gnu/11.1.0/../../../../include/c++/11.1.0]
    add: [/usr/lib64/gcc/x86_64-pc-linux-gnu/11.1.0/../../../../include/c++/11.1.0/x86_64-pc-linux-gnu]
    add: [/usr/lib64/gcc/x86_64-pc-linux-gnu/11.1.0/../../../../include/c++/11.1.0/backward]
    add: [/usr/local/include]
    add: [/opt/rocm/llvm/lib/clang/13.0.0/include]
    add: [/usr/include]
  end of search list found
  collapse include dir [/opt/rocm/llvm/lib/clang/13.0.0/include/..] ==> [/opt/rocm/llvm/lib/clang/13.0.0]
  collapse include dir [/opt/rocm/hsa/include] ==> [/opt/rocm/hsa/include]
  collapse include dir [/opt/rocm/hip/include] ==> [/opt/rocm/hip/include]
  collapse include dir [/opt/rocm/llvm/lib/clang/13.0.0/include/cuda_wrappers] ==> [/opt/rocm/llvm/lib/clang/13.0.0/include/cuda_wrappers]
  collapse include dir [/opt/rocm/include] ==> [/opt/rocm/include]
  collapse include dir [/usr/lib64/gcc/x86_64-pc-linux-gnu/11.1.0/../../../../include/c++/11.1.0] ==> [/usr/include/c++/11.1.0]
  collapse include dir [/usr/lib64/gcc/x86_64-pc-linux-gnu/11.1.0/../../../../include/c++/11.1.0/x86_64-pc-linux-gnu] ==> [/usr/include/c++/11.1.0/x86_64-pc-linux-gnu]
  collapse include dir [/usr/lib64/gcc/x86_64-pc-linux-gnu/11.1.0/../../../../include/c++/11.1.0/backward] ==> [/usr/include/c++/11.1.0/backward]
  collapse include dir [/usr/local/include] ==> [/usr/local/include]
  collapse include dir [/opt/rocm/llvm/lib/clang/13.0.0/include] ==> [/opt/rocm/llvm/lib/clang/13.0.0/include]
  collapse include dir [/usr/include] ==> [/usr/include]
  implicit include dirs: [/opt/rocm/llvm/lib/clang/13.0.0;/opt/rocm/hsa/include;/opt/rocm/hip/include;/opt/rocm/llvm/lib/clang/13.0.0/include/cuda_wrappers;/opt/rocm/include;/usr/include/c++/11.1.0;/usr/include/c++/11.1.0/x86_64-pc-linux-gnu;/usr/include/c++/11.1.0/backward;/usr/local/include;/opt/rocm/llvm/lib/clang/13.0.0/include;/usr/include]


Parsed CXX implicit link information from above output:
  link line regex: [^( *|.*[/\])(ld|CMAKE_LINK_STARTFILE-NOTFOUND|([^/\]+-)?ld|collect2)[^/\]*( |$)]
  ignore line: [Change Dir: /home/ego/projects/msi-carcassonne/build/CMakeFiles/CMakeTmp]
  ignore line: []
  ignore line: [Run Build Command(s):/usr/bin/ninja cmTC_c220f && [1/2] Building CXX object CMakeFiles/cmTC_c220f.dir/CMakeCXXCompilerABI.cpp.o]
  ignore line: [clang version 13.0.0 (https://aur.archlinux.org/llvm-amdgpu 3bd935c95e7353ed2cbb09dbab31e4ed73e8a45a)]
  ignore line: [Target: x86_64-pc-linux-gnu]
  ignore line: [Thread model: posix]
  ignore line: [InstalledDir: /opt/rocm/llvm/bin]
  ignore line: [Found candidate GCC installation: /usr/lib/gcc/x86_64-pc-linux-gnu/11.1.0]
  ignore line: [Found candidate GCC installation: /usr/lib64/gcc/x86_64-pc-linux-gnu/11.1.0]
  ignore line: [Selected GCC installation: /usr/lib64/gcc/x86_64-pc-linux-gnu/11.1.0]
  ignore line: [Candidate multilib: .]
  ignore line: [@m64]
  ignore line: [Candidate multilib: 32]
  ignore line: [@m32]
  ignore line: [Selected multilib: .]
  ignore line: [@m64]
  ignore line: [Found CUDA installation: /opt/cuda  version 11.2]
  ignore line: [Found HIP installation: /opt/rocm  version 4.3.21346-3ac9bda]
  ignore line: [ "/opt/rocm/llvm/bin/clang-13" -cc1 -mllvm --amdhsa-code-object-version=4 -triple amdgcn-amd-amdhsa -aux-triple x86_64-pc-linux-gnu -emit-obj --mrelax-relocations -disable-free -disable-llvm-verifier -discard-value-names -main-file-name CMakeCXXCompilerABI.cpp -mrelocation-model pic -pic-level 1 -fhalf-no-semantic-interposition -mframe-pointer=none -fno-rounding-math -aux-target-cpu x86-64 -fcuda-is-device -mllvm -amdgpu-internalize-symbols -fcuda-allow-variadic-functions -fvisibility hidden -fapply-global-visibility-to-externs -mlink-builtin-bitcode /opt/rocm/amdgcn/bitcode/hip.bc -mlink-builtin-bitcode /opt/rocm/amdgcn/bitcode/ocml.bc -mlink-builtin-bitcode /opt/rocm/amdgcn/bitcode/ockl.bc -mlink-builtin-bitcode /opt/rocm/amdgcn/bitcode/oclc_daz_opt_off.bc -mlink-builtin-bitcode /opt/rocm/amdgcn/bitcode/oclc_unsafe_math_off.bc -mlink-builtin-bitcode /opt/rocm/amdgcn/bitcode/oclc_finite_only_off.bc -mlink-builtin-bitcode /opt/rocm/amdgcn/bitcode/oclc_correctly_rounded_sqrt_on.bc -mlink-builtin-bitcode /opt/rocm/amdgcn/bitcode/oclc_wavefrontsize64_off.bc -mlink-builtin-bitcode /opt/rocm/amdgcn/bitcode/oclc_isa_version_1030.bc -target-cpu gfx1030 -fno-split-dwarf-inlining -debugger-tuning=gdb -v -resource-dir /opt/rocm/llvm/lib/clang/13.0.0 -dependency-file CMakeFiles/cmTC_c220f.dir/CMakeCXXCompilerABI.cpp.o.d -MT CMakeFiles/cmTC_c220f.dir/CMakeCXXCompilerABI.cpp.o -sys-header-deps -internal-isystem /opt/rocm/llvm/lib/clang/13.0.0/include/cuda_wrappers -internal-isystem /opt/rocm/include -include __clang_hip_runtime_wrapper.h -isystem /opt/rocm/llvm/lib/clang/13.0.0/include/.. -isystem /opt/rocm/hsa/include -isystem /opt/rocm/hip/include -internal-isystem /usr/lib64/gcc/x86_64-pc-linux-gnu/11.1.0/../../../../include/c++/11.1.0 -internal-isystem /usr/lib64/gcc/x86_64-pc-linux-gnu/11.1.0/../../../../include/c++/11.1.0/x86_64-pc-linux-gnu -internal-isystem /usr/lib64/gcc/x86_64-pc-linux-gnu/11.1.0/../../../../include/c++/11.1.0/backward -internal-isystem /usr/lib64/gcc/x86_64-pc-linux-gnu/11.1.0/../../../../include/c++/11.1.0 -internal-isystem /usr/lib64/gcc/x86_64-pc-linux-gnu/11.1.0/../../../../include/c++/11.1.0/x86_64-pc-linux-gnu -internal-isystem /usr/lib64/gcc/x86_64-pc-linux-gnu/11.1.0/../../../../include/c++/11.1.0/backward -internal-isystem /usr/local/include -internal-isystem /opt/rocm/llvm/lib/clang/13.0.0/include -internal-externc-isystem /include -internal-externc-isystem /usr/include -internal-isystem /usr/local/include -internal-isystem /opt/rocm/llvm/lib/clang/13.0.0/include -internal-externc-isystem /include -internal-externc-isystem /usr/include -O3 -std=c++11 -fdeprecated-macro -fno-autolink -fdebug-compilation-dir=/home/ego/projects/msi-carcassonne/build/CMakeFiles/CMakeTmp -ferror-limit 19 -fhip-new-launch-api -fgnuc-version=4.2.1 -fcxx-exceptions -fexceptions -vectorize-loops -vectorize-slp -mllvm -amdgpu-early-inline-all=true -mllvm -amdgpu-function-calls=false -cuid=dec5a6d1ea2c666c -fcuda-allow-variadic-functions -munsafe-fp-atomics -faddrsig -o /tmp/CMakeCXXCompilerABI-gfx1030-238128.o -x hip /usr/local/share/cmake-3.20/Modules/CMakeCXXCompilerABI.cpp]
  ignore line: [clang -cc1 version 13.0.0 based upon LLVM 13.0.0git default target x86_64-pc-linux-gnu]
  ignore line: [ignoring nonexistent directory "/include"]
  ignore line: [ignoring nonexistent directory "/include"]
  ignore line: [ignoring duplicate directory "/usr/lib64/gcc/x86_64-pc-linux-gnu/11.1.0/../../../../include/c++/11.1.0"]
  ignore line: [ignoring duplicate directory "/usr/lib64/gcc/x86_64-pc-linux-gnu/11.1.0/../../../../include/c++/11.1.0/x86_64-pc-linux-gnu"]
  ignore line: [ignoring duplicate directory "/usr/lib64/gcc/x86_64-pc-linux-gnu/11.1.0/../../../../include/c++/11.1.0/backward"]
  ignore line: [ignoring duplicate directory "/usr/local/include"]
  ignore line: [ignoring duplicate directory "/opt/rocm/llvm/lib/clang/13.0.0/include"]
  ignore line: [ignoring duplicate directory "/usr/include"]
  ignore line: [ignoring duplicate directory "/usr/local/include"]
  ignore line: [ignoring duplicate directory "/opt/rocm/llvm/lib/clang/13.0.0/include"]
  ignore line: [ignoring duplicate directory "/usr/include"]
  ignore line: [#include "..." search starts here:]
  ignore line: [#include <...> search starts here:]
  ignore line: [ /opt/rocm/llvm/lib/clang/13.0.0/include/..]
  ignore line: [ /opt/rocm/hsa/include]
  ignore line: [ /opt/rocm/hip/include]
  ignore line: [ /opt/rocm/llvm/lib/clang/13.0.0/include/cuda_wrappers]
  ignore line: [ /opt/rocm/include]
  ignore line: [ /usr/lib64/gcc/x86_64-pc-linux-gnu/11.1.0/../../../../include/c++/11.1.0]
  ignore line: [ /usr/lib64/gcc/x86_64-pc-linux-gnu/11.1.0/../../../../include/c++/11.1.0/x86_64-pc-linux-gnu]
  ignore line: [ /usr/lib64/gcc/x86_64-pc-linux-gnu/11.1.0/../../../../include/c++/11.1.0/backward]
  ignore line: [ /usr/local/include]
  ignore line: [ /opt/rocm/llvm/lib/clang/13.0.0/include]
  ignore line: [ /usr/include]
  ignore line: [End of search list.]
  ignore line: [ "/opt/rocm/llvm/bin/lld" -flavor gnu --no-undefined -shared -plugin-opt=-amdgpu-internalize-symbols -plugin-opt=mcpu=gfx1030 -plugin-opt=O3 -plugin-opt=-amdgpu-early-inline-all=true -plugin-opt=-amdgpu-function-calls=false -o /tmp/CMakeCXXCompilerABI-gfx1030-da7556.out /tmp/CMakeCXXCompilerABI-gfx1030-238128.o]
  ignore line: [ "/opt/rocm/llvm/bin/clang-offload-bundler" -type=o -bundle-align=4096 -targets=host-x86_64-unknown-linux hipv4-amdgcn-amd-amdhsa--gfx1030 -inputs=/dev/null /tmp/CMakeCXXCompilerABI-gfx1030-da7556.out -outputs=/tmp/CMakeCXXCompilerABI-8f6922.hipfb]
  ignore line: [ "/opt/rocm/llvm/bin/clang-13" -cc1 -triple x86_64-pc-linux-gnu -aux-triple amdgcn-amd-amdhsa -emit-obj --mrelax-relocations -disable-free -disable-llvm-verifier -discard-value-names -main-file-name CMakeCXXCompilerABI.cpp -mrelocation-model static -mframe-pointer=none -fmath-errno -fno-rounding-math -mconstructor-aliases -munwind-tables -target-cpu x86-64 -tune-cpu generic -fno-split-dwarf-inlining -debugger-tuning=gdb -v -resource-dir /opt/rocm/llvm/lib/clang/13.0.0 -dependency-file CMakeFiles/cmTC_c220f.dir/CMakeCXXCompilerABI.cpp.o.d -MT CMakeFiles/cmTC_c220f.dir/CMakeCXXCompilerABI.cpp.o -sys-header-deps -internal-isystem /opt/rocm/llvm/lib/clang/13.0.0/include/cuda_wrappers -internal-isystem /opt/rocm/include -include __clang_hip_runtime_wrapper.h -isystem /opt/rocm/llvm/lib/clang/13.0.0/include/.. -isystem /opt/rocm/hsa/include -isystem /opt/rocm/hip/include -internal-isystem /usr/lib64/gcc/x86_64-pc-linux-gnu/11.1.0/../../../../include/c++/11.1.0 -internal-isystem /usr/lib64/gcc/x86_64-pc-linux-gnu/11.1.0/../../../../include/c++/11.1.0/x86_64-pc-linux-gnu -internal-isystem /usr/lib64/gcc/x86_64-pc-linux-gnu/11.1.0/../../../../include/c++/11.1.0/backward -internal-isystem /usr/lib64/gcc/x86_64-pc-linux-gnu/11.1.0/../../../../include/c++/11.1.0 -internal-isystem /usr/lib64/gcc/x86_64-pc-linux-gnu/11.1.0/../../../../include/c++/11.1.0/x86_64-pc-linux-gnu -internal-isystem /usr/lib64/gcc/x86_64-pc-linux-gnu/11.1.0/../../../../include/c++/11.1.0/backward -internal-isystem /usr/local/include -internal-isystem /opt/rocm/llvm/lib/clang/13.0.0/include -internal-externc-isystem /include -internal-externc-isystem /usr/include -internal-isystem /usr/local/include -internal-isystem /opt/rocm/llvm/lib/clang/13.0.0/include -internal-externc-isystem /include -internal-externc-isystem /usr/include -O3 -std=c++11 -fdeprecated-macro -fdebug-compilation-dir=/home/ego/projects/msi-carcassonne/build/CMakeFiles/CMakeTmp -ferror-limit 19 -fhip-new-launch-api -fgnuc-version=4.2.1 -fcxx-exceptions -fexceptions -vectorize-loops -vectorize-slp -mllvm -amdgpu-early-inline-all=true -mllvm -amdgpu-function-calls=false -fcuda-include-gpubinary /tmp/CMakeCXXCompilerABI-8f6922.hipfb -cuid=dec5a6d1ea2c666c -fcuda-allow-variadic-functions -faddrsig -o CMakeFiles/cmTC_c220f.dir/CMakeCXXCompilerABI.cpp.o -x hip /usr/local/share/cmake-3.20/Modules/CMakeCXXCompilerABI.cpp]
  ignore line: [clang -cc1 version 13.0.0 based upon LLVM 13.0.0git default target x86_64-pc-linux-gnu]
  ignore line: [ignoring nonexistent directory "/include"]
  ignore line: [ignoring nonexistent directory "/include"]
  ignore line: [ignoring duplicate directory "/usr/lib64/gcc/x86_64-pc-linux-gnu/11.1.0/../../../../include/c++/11.1.0"]
  ignore line: [ignoring duplicate directory "/usr/lib64/gcc/x86_64-pc-linux-gnu/11.1.0/../../../../include/c++/11.1.0/x86_64-pc-linux-gnu"]
  ignore line: [ignoring duplicate directory "/usr/lib64/gcc/x86_64-pc-linux-gnu/11.1.0/../../../../include/c++/11.1.0/backward"]
  ignore line: [ignoring duplicate directory "/usr/local/include"]
  ignore line: [ignoring duplicate directory "/opt/rocm/llvm/lib/clang/13.0.0/include"]
  ignore line: [ignoring duplicate directory "/usr/include"]
  ignore line: [#include "..." search starts here:]
  ignore line: [#include <...> search starts here:]
  ignore line: [ /opt/rocm/llvm/lib/clang/13.0.0/include/..]
  ignore line: [ /opt/rocm/hsa/include]
  ignore line: [ /opt/rocm/hip/include]
  ignore line: [ /opt/rocm/llvm/lib/clang/13.0.0/include/cuda_wrappers]
  ignore line: [ /opt/rocm/include]
  ignore line: [ /usr/lib64/gcc/x86_64-pc-linux-gnu/11.1.0/../../../../include/c++/11.1.0]
  ignore line: [ /usr/lib64/gcc/x86_64-pc-linux-gnu/11.1.0/../../../../include/c++/11.1.0/x86_64-pc-linux-gnu]
  ignore line: [ /usr/lib64/gcc/x86_64-pc-linux-gnu/11.1.0/../../../../include/c++/11.1.0/backward]
  ignore line: [ /usr/local/include]
  ignore line: [ /opt/rocm/llvm/lib/clang/13.0.0/include]
  ignore line: [ /usr/include]
  ignore line: [End of search list.]
  ignore line: [[2/2] Linking CXX executable cmTC_c220f]
  ignore line: [clang version 13.0.0 (https://aur.archlinux.org/llvm-amdgpu 3bd935c95e7353ed2cbb09dbab31e4ed73e8a45a)]
  ignore line: [Target: x86_64-pc-linux-gnu]
  ignore line: [Thread model: posix]
  ignore line: [InstalledDir: /opt/rocm/llvm/bin]
  ignore line: [Found candidate GCC installation: /usr/lib/gcc/x86_64-pc-linux-gnu/11.1.0]
  ignore line: [Found candidate GCC installation: /usr/lib64/gcc/x86_64-pc-linux-gnu/11.1.0]
  ignore line: [Selected GCC installation: /usr/lib64/gcc/x86_64-pc-linux-gnu/11.1.0]
  ignore line: [Candidate multilib: .]
  ignore line: [@m64]
  ignore line: [Candidate multilib: 32]
  ignore line: [@m32]
  ignore line: [Selected multilib: .]
  ignore line: [@m64]
  ignore line: [Found CUDA installation: /opt/cuda  version 11.2]
  ignore line: [Found HIP installation: /opt/rocm  version 4.3.21346-3ac9bda]
  link line: [ "/usr/bin/ld" --eh-frame-hdr -m elf_x86_64 -dynamic-linker /lib64/ld-linux-x86-64.so.2 -o cmTC_c220f /usr/lib64/gcc/x86_64-pc-linux-gnu/11.1.0/../../../../lib64/crt1.o /usr/lib64/gcc/x86_64-pc-linux-gnu/11.1.0/../../../../lib64/crti.o /usr/lib64/gcc/x86_64-pc-linux-gnu/11.1.0/crtbegin.o -L/opt/rocm/hip/lib -L/opt/rocm/llvm/bin/../lib/clang/13.0.0/lib/linux -L/usr/lib64/gcc/x86_64-pc-linux-gnu/11.1.0 -L/usr/lib64/gcc/x86_64-pc-linux-gnu/11.1.0/../../../../lib64 -L/lib/../lib64 -L/usr/lib/../lib64 -L/usr/lib64/gcc/x86_64-pc-linux-gnu/11.1.0/../../.. -L/opt/rocm/llvm/bin/../lib -L/lib -L/usr/lib -lgcc_s -lgcc -lpthread -lm -lrt CMakeFiles/cmTC_c220f.dir/CMakeCXXCompilerABI.cpp.o --enable-new-dtags --rpath=/opt/rocm/hip/lib:/opt/rocm/lib -lamdhip64 -lclang_rt.builtins-x86_64 -lstdc++ -lm -lgcc_s -lgcc -lc -lgcc_s -lgcc /usr/lib64/gcc/x86_64-pc-linux-gnu/11.1.0/crtend.o /usr/lib64/gcc/x86_64-pc-linux-gnu/11.1.0/../../../../lib64/crtn.o]
    arg [/usr/bin/ld] ==> ignore
    arg [--eh-frame-hdr] ==> ignore
    arg [-m] ==> ignore
    arg [elf_x86_64] ==> ignore
    arg [-dynamic-linker] ==> ignore
    arg [/lib64/ld-linux-x86-64.so.2] ==> ignore
    arg [-o] ==> ignore
    arg [cmTC_c220f] ==> ignore
    arg [/usr/lib64/gcc/x86_64-pc-linux-gnu/11.1.0/../../../../lib64/crt1.o] ==> obj [/usr/lib64/gcc/x86_64-pc-linux-gnu/11.1.0/../../../../lib64/crt1.o]
    arg [/usr/lib64/gcc/x86_64-pc-linux-gnu/11.1.0/../../../../lib64/crti.o] ==> obj [/usr/lib64/gcc/x86_64-pc-linux-gnu/11.1.0/../../../../lib64/crti.o]
    arg [/usr/lib64/gcc/x86_64-pc-linux-gnu/11.1.0/crtbegin.o] ==> obj [/usr/lib64/gcc/x86_64-pc-linux-gnu/11.1.0/crtbegin.o]
    arg [-L/opt/rocm/hip/lib] ==> dir [/opt/rocm/hip/lib]
    arg [-L/opt/rocm/llvm/bin/../lib/clang/13.0.0/lib/linux] ==> dir [/opt/rocm/llvm/bin/../lib/clang/13.0.0/lib/linux]
    arg [-L/usr/lib64/gcc/x86_64-pc-linux-gnu/11.1.0] ==> dir [/usr/lib64/gcc/x86_64-pc-linux-gnu/11.1.0]
    arg [-L/usr/lib64/gcc/x86_64-pc-linux-gnu/11.1.0/../../../../lib64] ==> dir [/usr/lib64/gcc/x86_64-pc-linux-gnu/11.1.0/../../../../lib64]
    arg [-L/lib/../lib64] ==> dir [/lib/../lib64]
    arg [-L/usr/lib/../lib64] ==> dir [/usr/lib/../lib64]
    arg [-L/usr/lib64/gcc/x86_64-pc-linux-gnu/11.1.0/../../..] ==> dir [/usr/lib64/gcc/x86_64-pc-linux-gnu/11.1.0/../../..]
    arg [-L/opt/rocm/llvm/bin/../lib] ==> dir [/opt/rocm/llvm/bin/../lib]
    arg [-L/lib] ==> dir [/lib]
    arg [-L/usr/lib] ==> dir [/usr/lib]
    arg [-lgcc_s] ==> lib [gcc_s]
    arg [-lgcc] ==> lib [gcc]
    arg [-lpthread] ==> lib [pthread]
    arg [-lm] ==> lib [m]
    arg [-lrt] ==> lib [rt]
    arg [CMakeFiles/cmTC_c220f.dir/CMakeCXXCompilerABI.cpp.o] ==> ignore
    arg [--enable-new-dtags] ==> ignore
    arg [--rpath=/opt/rocm/hip/lib:/opt/rocm/lib] ==> ignore
    arg [-lamdhip64] ==> lib [amdhip64]
    arg [-lclang_rt.builtins-x86_64] ==> lib [clang_rt.builtins-x86_64]
    arg [-lstdc++] ==> lib [stdc++]
    arg [-lm] ==> lib [m]
    arg [-lgcc_s] ==> lib [gcc_s]
    arg [-lgcc] ==> lib [gcc]
    arg [-lc] ==> lib [c]
    arg [-lgcc_s] ==> lib [gcc_s]
    arg [-lgcc] ==> lib [gcc]
    arg [/usr/lib64/gcc/x86_64-pc-linux-gnu/11.1.0/crtend.o] ==> obj [/usr/lib64/gcc/x86_64-pc-linux-gnu/11.1.0/crtend.o]
    arg [/usr/lib64/gcc/x86_64-pc-linux-gnu/11.1.0/../../../../lib64/crtn.o] ==> obj [/usr/lib64/gcc/x86_64-pc-linux-gnu/11.1.0/../../../../lib64/crtn.o]
  collapse obj [/usr/lib64/gcc/x86_64-pc-linux-gnu/11.1.0/../../../../lib64/crt1.o] ==> [/usr/lib64/crt1.o]
  collapse obj [/usr/lib64/gcc/x86_64-pc-linux-gnu/11.1.0/../../../../lib64/crti.o] ==> [/usr/lib64/crti.o]
  collapse obj [/usr/lib64/gcc/x86_64-pc-linux-gnu/11.1.0/../../../../lib64/crtn.o] ==> [/usr/lib64/crtn.o]
  collapse library dir [/opt/rocm/hip/lib] ==> [/opt/rocm/hip/lib]
  collapse library dir [/opt/rocm/llvm/bin/../lib/clang/13.0.0/lib/linux] ==> [/opt/rocm/llvm/lib/clang/13.0.0/lib/linux]
  collapse library dir [/usr/lib64/gcc/x86_64-pc-linux-gnu/11.1.0] ==> [/usr/lib64/gcc/x86_64-pc-linux-gnu/11.1.0]
  collapse library dir [/usr/lib64/gcc/x86_64-pc-linux-gnu/11.1.0/../../../../lib64] ==> [/usr/lib64]
  collapse library dir [/lib/../lib64] ==> [/lib64]
  collapse library dir [/usr/lib/../lib64] ==> [/usr/lib64]
  collapse library dir [/usr/lib64/gcc/x86_64-pc-linux-gnu/11.1.0/../../..] ==> [/usr/lib64]
  collapse library dir [/opt/rocm/llvm/bin/../lib] ==> [/opt/rocm/llvm/lib]
  collapse library dir [/lib] ==> [/lib]
  collapse library dir [/usr/lib] ==> [/usr/lib]
  implicit libs: [gcc_s;gcc;pthread;m;rt;amdhip64;clang_rt.builtins-x86_64;stdc++;m;gcc_s;gcc;c;gcc_s;gcc]
  implicit objs: [/usr/lib64/crt1.o;/usr/lib64/crti.o;/usr/lib64/gcc/x86_64-pc-linux-gnu/11.1.0/crtbegin.o;/usr/lib64/gcc/x86_64-pc-linux-gnu/11.1.0/crtend.o;/usr/lib64/crtn.o]
  implicit dirs: [/opt/rocm/hip/lib;/opt/rocm/llvm/lib/clang/13.0.0/lib/linux;/usr/lib64/gcc/x86_64-pc-linux-gnu/11.1.0;/usr/lib64;/lib64;/opt/rocm/llvm/lib;/lib;/usr/lib]
  implicit fwks: []


Determining if the include file pthread.h exists passed with the following output:
Change Dir: /home/ego/projects/msi-carcassonne/build/CMakeFiles/CMakeTmp

Run Build Command(s):/usr/bin/ninja cmTC_59462 && [1/2] Building C object CMakeFiles/cmTC_59462.dir/CheckIncludeFile.c.o
[2/2] Linking C executable cmTC_59462



Determining if the function pthread_create exists in the pthread passed with the following output:
Change Dir: /home/ego/projects/msi-carcassonne/build/CMakeFiles/CMakeTmp

Run Build Command(s):/usr/bin/ninja cmTC_8f205 && [1/2] Building C object CMakeFiles/cmTC_8f205.dir/CheckFunctionExists.c.o
[2/2] Linking C executable cmTC_8f205



Performing C++ SOURCE FILE Test has_std_20_flag succeeded with the following output:
Change Dir: /home/ego/projects/msi-carcassonne/build/CMakeFiles/CMakeTmp

Run Build Command(s):/usr/bin/ninja cmTC_b13f8 && [1/2] Building CXX object CMakeFiles/cmTC_b13f8.dir/src.cxx.o
[2/2] Linking CXX executable cmTC_b13f8


Source file was:
int main() { return 0; }
Performing C++ SOURCE FILE Test has_std_2a_flag succeeded with the following output:
Change Dir: /home/ego/projects/msi-carcassonne/build/CMakeFiles/CMakeTmp

Run Build Command(s):/usr/bin/ninja cmTC_5761a && [1/2] Building CXX object CMakeFiles/cmTC_5761a.dir/src.cxx.o
[2/2] Linking CXX executable cmTC_5761a


Source file was:
int main() { return 0; }
Performing C++ SOURCE FILE Test SUPPORTS_USER_DEFINED_LITERALS succeeded with the following output:
Change Dir: /home/ego/projects/msi-carcassonne/build/CMakeFiles/CMakeTmp

Run Build Command(s):/usr/bin/ninja cmTC_7d0e1 && [1/2] Building CXX object CMakeFiles/cmTC_7d0e1.dir/src.cxx.o
[2/2] Linking CXX executable cmTC_7d0e1


Source file was:

  void operator"" _udl(long double);
  int main() {}
Performing C++ SOURCE FILE Test FMT_HAS_VARIANT succeeded with the following output:
Change Dir: /home/ego/projects/msi-carcassonne/build/CMakeFiles/CMakeTmp

Run Build Command(s):/usr/bin/ninja cmTC_89930 && [1/2] Building CXX object CMakeFiles/cmTC_89930.dir/src.cxx.o
[2/2] Linking CXX executable cmTC_89930


Source file was:

  #include <variant>
  int main() {}
Performing C++ SOURCE FILE Test HAS_NULLPTR_WARNING succeeded with the following output:
Change Dir: /home/ego/projects/msi-carcassonne/build/CMakeFiles/CMakeTmp

Run Build Command(s):/usr/bin/ninja cmTC_491b0 && [1/2] Building CXX object CMakeFiles/cmTC_491b0.dir/src.cxx.o
[2/2] Linking CXX executable cmTC_491b0


Source file was:
int main() { return 0; }
